<?xml version="1.0" encoding="UTF-8"?>
<!-- Generated by org.testng.reporters.JUnitReportReporter -->
<testsuite hostname="INLEN8520060809" failures="0" tests="1" name="runners.FlightRunner" time="165.969" errors="0" timestamp="2023-09-08T10:41:31 IST" skipped="0">
  <testcase classname="runners.FlightRunner" name="runScenario" time="165.969"/>
</testsuite> <!-- runners.FlightRunner -->
